Flow report for gerador
Wed Aug 28 13:38:56 2019
Quartus Prime Version 18.1.0 Build 625 09/12/2018 SJ Lite Edition


---------------------
; Table of Contents ;
---------------------
  1. Legal Notice
  2. Flow Summary
  3. Flow Settings
  4. Flow Non-Default Global Settings
  5. Flow Elapsed Time
  6. Flow OS Summary
  7. Flow Log
  8. Flow Messages
  9. Flow Suppressed Messages



----------------
; Legal Notice ;
----------------
Copyright (C) 2018  Intel Corporation. All rights reserved.
Your use of Intel Corporation's design tools, logic functions 
and other software and tools, and its AMPP partner logic 
functions, and any output files from any of the foregoing 
(including device programming or simulation files), and any 
associated documentation or information are expressly subject 
to the terms and conditions of the Intel Program License 
Subscription Agreement, the Intel Quartus Prime License Agreement,
the Intel FPGA IP License Agreement, or other applicable license
agreement, including, without limitation, that your use is for
the sole purpose of programming logic devices manufactured by
Intel and sold by Intel or its authorized distributors.  Please
refer to the applicable agreement for further details.



+----------------------------------------------------------------------------------+
; Flow Summary                                                                     ;
+------------------------------------+---------------------------------------------+
; Flow Status                        ; Successful - Wed Aug 28 13:38:56 2019       ;
; Quartus Prime Version              ; 18.1.0 Build 625 09/12/2018 SJ Lite Edition ;
; Revision Name                      ; gerador                                     ;
; Top-level Entity Name              ; gerador                                     ;
; Family                             ; Cyclone IV E                                ;
; Device                             ; EP4CE115F29C7                               ;
; Timing Models                      ; Final                                       ;
; Total logic elements               ; 42 / 114,480 ( < 1 % )                      ;
;     Total combinational functions  ; 42 / 114,480 ( < 1 % )                      ;
;     Dedicated logic registers      ; 23 / 114,480 ( < 1 % )                      ;
; Total registers                    ; 23                                          ;
; Total pins                         ; 14 / 529 ( 3 % )                            ;
; Total virtual pins                 ; 0                                           ;
; Total memory bits                  ; 6,144 / 3,981,312 ( < 1 % )                 ;
; Embedded Multiplier 9-bit elements ; 0 / 532 ( 0 % )                             ;
; Total PLLs                         ; 1 / 4 ( 25 % )                              ;
+------------------------------------+---------------------------------------------+


+-----------------------------------------+
; Flow Settings                           ;
+-------------------+---------------------+
; Option            ; Setting             ;
+-------------------+---------------------+
; Start date & time ; 08/28/2019 13:37:42 ;
; Main task         ; Compilation         ;
; Revision Name     ; gerador             ;
+-------------------+---------------------+


+--------------------------------------------------------------------------------------------------------------------------------+
; Flow Non-Default Global Settings                                                                                               ;
+----------------------------------------+----------------------------------------+---------------+-------------+----------------+
; Assignment Name                        ; Value                                  ; Default Value ; Entity Name ; Section Id     ;
+----------------------------------------+----------------------------------------+---------------+-------------+----------------+
; COMPILER_SIGNATURE_ID                  ; 132223363112.156701026204136           ; --            ; --          ; --             ;
; EDA_DESIGN_INSTANCE_NAME               ; NA                                     ; --            ; --          ; gerador_tb     ;
; EDA_NATIVELINK_SIMULATION_SETUP_SCRIPT ; simulation/modelsim/wave.do            ; --            ; --          ; eda_simulation ;
; EDA_NATIVELINK_SIMULATION_TEST_BENCH   ; gerador_tb                             ; --            ; --          ; eda_simulation ;
; EDA_OUTPUT_DATA_FORMAT                 ; Verilog Hdl                            ; --            ; --          ; eda_simulation ;
; EDA_SIMULATION_TOOL                    ; ModelSim-Altera (Verilog)              ; <None>        ; --          ; --             ;
; EDA_TEST_BENCH_ENABLE_STATUS           ; TEST_BENCH_MODE                        ; --            ; --          ; eda_simulation ;
; EDA_TEST_BENCH_FILE                    ; gerador_tb.v                           ; --            ; --          ; gerador_tb     ;
; EDA_TEST_BENCH_MODULE_NAME             ; gerador_tb                             ; --            ; --          ; gerador_tb     ;
; EDA_TEST_BENCH_NAME                    ; gerador_tb                             ; --            ; --          ; eda_simulation ;
; EDA_TIME_SCALE                         ; 1 ps                                   ; --            ; --          ; eda_simulation ;
; MAX_CORE_JUNCTION_TEMP                 ; 85                                     ; --            ; --          ; --             ;
; MIN_CORE_JUNCTION_TEMP                 ; 0                                      ; --            ; --          ; --             ;
; MISC_FILE                              ; senoid_inst.v                          ; --            ; --          ; --             ;
; MISC_FILE                              ; senoid_bb.v                            ; --            ; --          ; --             ;
; MISC_FILE                              ; senoid.cmp                             ; --            ; --          ; --             ;
; MISC_FILE                              ; senoid_syn.v                           ; --            ; --          ; --             ;
; MISC_FILE                              ; PLL_27MHz_inst.v                       ; --            ; --          ; --             ;
; MISC_FILE                              ; PLL_27MHz_bb.v                         ; --            ; --          ; --             ;
; MISC_FILE                              ; PLL_27MHz.cmp                          ; --            ; --          ; --             ;
; MISC_FILE                              ; PLL_27MHz.ppf                          ; --            ; --          ; --             ;
; NOMINAL_CORE_SUPPLY_VOLTAGE            ; 1.2V                                   ; --            ; --          ; --             ;
; PARTITION_COLOR                        ; -- (Not supported for targeted family) ; --            ; --          ; Top            ;
; PARTITION_FITTER_PRESERVATION_LEVEL    ; -- (Not supported for targeted family) ; --            ; --          ; Top            ;
; PARTITION_NETLIST_TYPE                 ; -- (Not supported for targeted family) ; --            ; --          ; Top            ;
; POWER_BOARD_THERMAL_MODEL              ; None (CONSERVATIVE)                    ; --            ; --          ; --             ;
; POWER_PRESET_COOLING_SOLUTION          ; 23 MM HEAT SINK WITH 200 LFPM AIRFLOW  ; --            ; --          ; --             ;
; PROJECT_OUTPUT_DIRECTORY               ; output_files                           ; --            ; --          ; --             ;
+----------------------------------------+----------------------------------------+---------------+-------------+----------------+


+--------------------------------------------------------------------------------------------------------------------------+
; Flow Elapsed Time                                                                                                        ;
+----------------------+--------------+-------------------------+---------------------+------------------------------------+
; Module Name          ; Elapsed Time ; Average Processors Used ; Peak Virtual Memory ; Total CPU Time (on all processors) ;
+----------------------+--------------+-------------------------+---------------------+------------------------------------+
; Analysis & Synthesis ; 00:00:27     ; 1.0                     ; 604 MB              ; 00:00:31                           ;
; Fitter               ; 00:00:29     ; 1.0                     ; 1231 MB             ; 00:00:31                           ;
; Assembler            ; 00:00:06     ; 1.0                     ; 536 MB              ; 00:00:05                           ;
; Timing Analyzer      ; 00:00:04     ; 1.0                     ; 668 MB              ; 00:00:03                           ;
; EDA Netlist Writer   ; 00:00:01     ; 1.0                     ; 506 MB              ; 00:00:02                           ;
; Total                ; 00:01:07     ; --                      ; --                  ; 00:01:12                           ;
+----------------------+--------------+-------------------------+---------------------+------------------------------------+


+-----------------------------------------------------------------------------------+
; Flow OS Summary                                                                   ;
+----------------------+------------------+-----------+------------+----------------+
; Module Name          ; Machine Hostname ; OS Name   ; OS Version ; Processor type ;
+----------------------+------------------+-----------+------------+----------------+
; Analysis & Synthesis ; DSP-01           ; Windows 7 ; 6.1        ; x86_64         ;
; Fitter               ; DSP-01           ; Windows 7 ; 6.1        ; x86_64         ;
; Assembler            ; DSP-01           ; Windows 7 ; 6.1        ; x86_64         ;
; Timing Analyzer      ; DSP-01           ; Windows 7 ; 6.1        ; x86_64         ;
; EDA Netlist Writer   ; DSP-01           ; Windows 7 ; 6.1        ; x86_64         ;
+----------------------+------------------+-----------+------------+----------------+


------------
; Flow Log ;
------------
quartus_map --read_settings_files=on --write_settings_files=off gerador -c gerador
quartus_fit --read_settings_files=off --write_settings_files=off gerador -c gerador
quartus_asm --read_settings_files=off --write_settings_files=off gerador -c gerador
quartus_sta gerador -c gerador
quartus_eda --read_settings_files=off --write_settings_files=off gerador -c gerador



